[INFO] Scanning for projects...
[INFO] 
[INFO] -------------------------< ma.ens:springbash >--------------------------
[INFO] Building springbash 0.0.1-SNAPSHOT
[INFO]   from pom.xml
[INFO] --------------------------------[ jar ]---------------------------------
[INFO] 
[INFO] >>> spring-boot:4.0.0:run (default-cli) > test-compile @ springbash >>>
[INFO] 
[INFO] --- resources:3.3.1:resources (default-resources) @ springbash ---
[INFO] Copying 1 resource from src\main\resources to target\classes
[INFO] Copying 0 resource from src\main\resources to target\classes
[INFO] 
[INFO] --- compiler:3.14.1:compile (default-compile) @ springbash ---
[INFO] Nothing to compile - all classes are up to date.
[INFO] 
[INFO] --- resources:3.3.1:testResources (default-testResources) @ springbash ---
[INFO] skip non existing resourceDirectory C:\Users\rania\IdeaProjects\springbash\src\test\resources
[INFO] 
[INFO] --- compiler:3.14.1:testCompile (default-testCompile) @ springbash ---
[INFO] Nothing to compile - all classes are up to date.
[INFO] 
[INFO] <<< spring-boot:4.0.0:run (default-cli) < test-compile @ springbash <<<
[INFO] 
[INFO] 
[INFO] --- spring-boot:4.0.0:run (default-cli) @ springbash ---
[INFO] Attaching agents: []

  .   ____          _            __ _ _
 /\\ / ___'_ __ _ _(_)_ __  __ _ \ \ \ \
( ( )\___ | '_ | '_| | '_ \/ _` | \ \ \ \
 \\/  ___)| |_)| | | | | || (_| |  ) ) ) )
  '  |____| .__|_| |_|_| |_\__, | / / / /
 =========|_|==============|___/=/_/_/_/

 :: Spring Boot ::                (v4.0.0)

2025-11-25T15:09:26.812+01:00  INFO 15396 --- [springbash] [           main] m.ens.springbash.SpringbashApplication   : Starting SpringbashApplication using Java 21.0.8 with PID 15396 (C:\Users\rania\IdeaProjects\springbash\target\classes started by rania in C:\Users\rania\IdeaProjects\springbash)
2025-11-25T15:09:26.818+01:00  INFO 15396 --- [springbash] [           main] m.ens.springbash.SpringbashApplication   : No active profile set, falling back to 1 default profile: "default"
2025-11-25T15:09:28.242+01:00  INFO 15396 --- [springbash] [           main] .s.d.r.c.RepositoryConfigurationDelegate : Bootstrapping Spring Data JPA repositories in DEFAULT mode.
2025-11-25T15:09:28.272+01:00  INFO 15396 --- [springbash] [           main] .s.d.r.c.RepositoryConfigurationDelegate : Finished Spring Data repository scanning in 16 ms. Found 0 JPA repository interfaces.
2025-11-25T15:09:29.152+01:00  INFO 15396 --- [springbash] [           main] o.s.boot.tomcat.TomcatWebServer          : Tomcat initialized with port 8085 (http)
2025-11-25T15:09:29.176+01:00  INFO 15396 --- [springbash] [           main] o.apache.catalina.core.StandardService   : Starting service [Tomcat]
2025-11-25T15:09:29.176+01:00  INFO 15396 --- [springbash] [           main] o.apache.catalina.core.StandardEngine    : Starting Servlet engine: [Apache Tomcat/11.0.14]
2025-11-25T15:09:29.280+01:00  INFO 15396 --- [springbash] [           main] b.w.c.s.WebApplicationContextInitializer : Root WebApplicationContext: initialization completed in 2372 ms
2025-11-25T15:09:29.622+01:00  INFO 15396 --- [springbash] [           main] o.hibernate.jpa.internal.util.LogHelper  : HHH000204: Processing PersistenceUnitInfo [name: default]
2025-11-25T15:09:29.696+01:00  INFO 15396 --- [springbash] [           main] org.hibernate.Version                    : HHH000412: Hibernate ORM core version 7.1.8.Final
2025-11-25T15:09:30.412+01:00  INFO 15396 --- [springbash] [           main] o.s.o.j.p.SpringPersistenceUnitInfo      : No LoadTimeWeaver setup: ignoring JPA class transformer
2025-11-25T15:09:30.460+01:00  INFO 15396 --- [springbash] [           main] com.zaxxer.hikari.HikariDataSource       : HikariPool-1 - Starting...
2025-11-25T15:09:30.699+01:00  INFO 15396 --- [springbash] [           main] com.zaxxer.hikari.pool.HikariPool        : HikariPool-1 - Added connection conn0: url=jdbc:h2:mem:testdb user=SA
2025-11-25T15:09:30.702+01:00  INFO 15396 --- [springbash] [           main] com.zaxxer.hikari.HikariDataSource       : HikariPool-1 - Start completed.
2025-11-25T15:09:30.778+01:00  INFO 15396 --- [springbash] [           main] org.hibernate.orm.connections.pooling    : HHH10001005: Database info:
	Database JDBC URL [jdbc:h2:mem:testdb]
	Database driver: H2 JDBC Driver
	Database dialect: H2Dialect
	Database version: 2.4.240
	Default catalog/schema: TESTDB/PUBLIC
	Autocommit mode: undefined/unknown
	Isolation level: READ_COMMITTED [default READ_COMMITTED]
	JDBC fetch size: 100
	Pool: DatasourceConnectionProviderImpl
	Minimum pool size: undefined/unknown
	Maximum pool size: undefined/unknown
2025-11-25T15:09:31.306+01:00  INFO 15396 --- [springbash] [           main] o.h.e.t.j.p.i.JtaPlatformInitiator       : HHH000489: No JTA platform available (set 'hibernate.transaction.jta.platform' to enable JTA platform integration)
2025-11-25T15:09:31.323+01:00  INFO 15396 --- [springbash] [           main] j.LocalContainerEntityManagerFactoryBean : Initialized JPA EntityManagerFactory for persistence unit 'default'
2025-11-25T15:09:31.408+01:00  WARN 15396 --- [springbash] [           main] JpaBaseConfiguration$JpaWebConfiguration : spring.jpa.open-in-view is enabled by default. Therefore, database queries may be performed during view rendering. Explicitly configure spring.jpa.open-in-view to disable this warning
2025-11-25T15:09:32.131+01:00  INFO 15396 --- [springbash] [           main] o.s.b.a.e.web.EndpointLinksResolver      : Exposing 1 endpoint beneath base path '/actuator'
2025-11-25T15:09:32.296+01:00  WARN 15396 --- [springbash] [           main] ConfigServletWebServerApplicationContext : Exception encountered during context initialization - cancelling refresh attempt: org.springframework.context.ApplicationContextException: Failed to start bean 'webServerStartStop'
2025-11-25T15:09:32.300+01:00  INFO 15396 --- [springbash] [           main] j.LocalContainerEntityManagerFactoryBean : Closing JPA EntityManagerFactory for persistence unit 'default'
2025-11-25T15:09:32.304+01:00  INFO 15396 --- [springbash] [           main] com.zaxxer.hikari.HikariDataSource       : HikariPool-1 - Shutdown initiated...
2025-11-25T15:09:32.309+01:00  INFO 15396 --- [springbash] [           main] com.zaxxer.hikari.HikariDataSource       : HikariPool-1 - Shutdown completed.
2025-11-25T15:09:32.328+01:00  INFO 15396 --- [springbash] [           main] .s.b.a.l.ConditionEvaluationReportLogger : 

Error starting ApplicationContext. To display the condition evaluation report re-run your application with 'debug' enabled.
2025-11-25T15:09:32.358+01:00 ERROR 15396 --- [springbash] [           main] o.s.b.d.LoggingFailureAnalysisReporter   : 

***************************
APPLICATION FAILED TO START
***************************

Description:

Web server failed to start. Port 8085 was already in use.

Action:

Identify and stop the process that's listening on port 8085 or configure this application to listen on another port.

[INFO] ------------------------------------------------------------------------
[INFO] BUILD FAILURE
[INFO] ------------------------------------------------------------------------
[INFO] Total time:  10.694 s
[INFO] Finished at: 2025-11-25T15:09:32+01:00
[INFO] ------------------------------------------------------------------------
[ERROR] Failed to execute goal org.springframework.boot:spring-boot-maven-plugin:4.0.0:run (default-cli) on project springbash: Process terminated with exit code: 1 -> [Help 1]
[ERROR] 
[ERROR] To see the full stack trace of the errors, re-run Maven with the -e switch.
[ERROR] Re-run Maven using the -X switch to enable full debug logging.
[ERROR] 
[ERROR] For more information about the errors and possible solutions, please read the following articles:
[ERROR] [Help 1] http://cwiki.apache.org/confluence/display/MAVEN/MojoExecutionException
